title yaOSp 0.0.5
kernel /system/kernel
module /system/module/bus/pci
module /system/module/disk/pata
module /system/module/disk/partition
module /system/module/filesystem/iso9660
module /system/module/input/ps2
module /system/module/input/input
module /system/module/char/terminal
module /system/module/network/pcnet32

title yaOSp 0.0.5 for VirtualBox
kernel /system/kernel pit_freq=500
module /system/module/bus/pci
module /system/module/disk/pata
module /system/module/disk/partition
module /system/module/filesystem/iso9660
module /system/module/input/ps2
module /system/module/input/input
module /system/module/char/terminal
module /system/module/network/pcnet32

title yaOSp (debug)
kernel /system/kernel enable_debug=true
module /system/module/bus/pci
module /system/module/disk/pata
module /system/module/disk/partition
module /system/module/filesystem/iso9660
module /system/module/input/ps2
module /system/module/input/input
module /system/module/char/terminal
module /system/module/network/pcnet32
